{"/Users/jakob/pro/pjs-vdom/src/main.js": {"path":"/Users/jakob/pro/pjs-vdom/src/main.js","statementMap":{"0":{"start":{"line":6,"column":14},"end":{"line":6,"column":40}},"1":{"start":{"line":6,"column":56},"end":{"line":6,"column":87}},"2":{"start":{"line":7,"column":22},"end":{"line":7,"column":48}},"3":{"start":{"line":7,"column":72},"end":{"line":7,"column":111}},"4":{"start":{"line":8,"column":14},"end":{"line":8,"column":44}},"5":{"start":{"line":8,"column":60},"end":{"line":8,"column":91}},"6":{"start":{"line":9,"column":13},"end":{"line":9,"column":51}},"7":{"start":{"line":9,"column":66},"end":{"line":9,"column":96}},"8":{"start":{"line":10,"column":18},"end":{"line":10,"column":40}},"9":{"start":{"line":11,"column":13},"end":{"line":11,"column":31}},"10":{"start":{"line":12,"column":0},"end":{"line":12,"column":30}},"11":{"start":{"line":13,"column":12},"end":{"line":13,"column":27}},"12":{"start":{"line":14,"column":19},"end":{"line":14,"column":42}},"13":{"start":{"line":14,"column":63},"end":{"line":14,"column":99}},"14":{"start":{"line":15,"column":17},"end":{"line":15,"column":39}},"15":{"start":{"line":15,"column":58},"end":{"line":15,"column":92}},"16":{"start":{"line":15,"column":131},"end":{"line":15,"column":185}},"17":{"start":{"line":24,"column":21},"end":{"line":33,"column":3}},"18":{"start":{"line":39,"column":19},"end":{"line":39,"column":52}},"19":{"start":{"line":40,"column":20},"end":{"line":40,"column":25}},"20":{"start":{"line":41,"column":2},"end":{"line":45,"column":3}},"21":{"start":{"line":42,"column":4},"end":{"line":42,"column":41}},"22":{"start":{"line":44,"column":4},"end":{"line":44,"column":69}},"23":{"start":{"line":46,"column":2},"end":{"line":46,"column":21}},"24":{"start":{"line":50,"column":2},"end":{"line":52,"column":4}},"25":{"start":{"line":62,"column":13},"end":{"line":62,"column":35}},"26":{"start":{"line":65,"column":18},"end":{"line":65,"column":42}},"27":{"start":{"line":71,"column":0},"end":{"line":94,"column":2}},"28":{"start":{"line":71,"column":47},"end":{"line":71,"column":56}},"29":{"start":{"line":72,"column":8},"end":{"line":72,"column":16}},"30":{"start":{"line":72,"column":27},"end":{"line":72,"column":39}},"31":{"start":{"line":72,"column":58},"end":{"line":72,"column":78}},"32":{"start":{"line":72,"column":93},"end":{"line":72,"column":109}},"33":{"start":{"line":73,"column":2},"end":{"line":78,"column":3}},"34":{"start":{"line":74,"column":4},"end":{"line":77,"column":7}},"35":{"start":{"line":75,"column":18},"end":{"line":75,"column":65}},"36":{"start":{"line":76,"column":6},"end":{"line":76,"column":34}},"37":{"start":{"line":79,"column":2},"end":{"line":87,"column":4}},"38":{"start":{"line":80,"column":4},"end":{"line":80,"column":47}},"39":{"start":{"line":87,"column":4},"end":{"line":89,"column":3}},"40":{"start":{"line":88,"column":4},"end":{"line":88,"column":39}},"41":{"start":{"line":91,"column":2},"end":{"line":93,"column":3}},"42":{"start":{"line":92,"column":4},"end":{"line":92,"column":36}},"43":{"start":{"line":99,"column":0},"end":{"line":107,"column":2}},"44":{"start":{"line":107,"column":2},"end":{"line":112,"column":2}},"45":{"start":{"line":108,"column":2},"end":{"line":108,"column":69}},"46":{"start":{"line":112,"column":2},"end":{"line":146,"column":2}},"47":{"start":{"line":117,"column":17},"end":{"line":117,"column":57}},"48":{"start":{"line":118,"column":2},"end":{"line":126,"column":3}},"49":{"start":{"line":120,"column":4},"end":{"line":124,"column":7}},"50":{"start":{"line":124,"column":7},"end":{"line":124,"column":65}},"51":{"start":{"line":125,"column":4},"end":{"line":125,"column":11}},"52":{"start":{"line":137,"column":14},"end":{"line":137,"column":40}},"53":{"start":{"line":138,"column":2},"end":{"line":141,"column":3}},"54":{"start":{"line":139,"column":4},"end":{"line":139,"column":27}},"55":{"start":{"line":140,"column":4},"end":{"line":140,"column":30}},"56":{"start":{"line":146,"column":2},"end":{"line":154,"column":2}},"57":{"start":{"line":147,"column":2},"end":{"line":150,"column":3}},"58":{"start":{"line":148,"column":4},"end":{"line":148,"column":27}},"59":{"start":{"line":149,"column":4},"end":{"line":149,"column":41}},"60":{"start":{"line":154,"column":2},"end":{"line":170,"column":10}},"61":{"start":{"line":155,"column":2},"end":{"line":169,"column":3}},"62":{"start":{"line":157,"column":16},"end":{"line":157,"column":35}},"63":{"start":{"line":158,"column":14},"end":{"line":158,"column":31}},"64":{"start":{"line":159,"column":17},"end":{"line":159,"column":29}},"65":{"start":{"line":160,"column":16},"end":{"line":160,"column":28}},"66":{"start":{"line":162,"column":4},"end":{"line":164,"column":25}},"67":{"start":{"line":166,"column":4},"end":{"line":166,"column":56}},"68":{"start":{"line":168,"column":4},"end":{"line":168,"column":27}},"69":{"start":{"line":172,"column":26},"end":{"line":184,"column":1}},"70":{"start":{"line":174,"column":2},"end":{"line":179,"column":3}},"71":{"start":{"line":175,"column":21},"end":{"line":175,"column":52}},"72":{"start":{"line":176,"column":4},"end":{"line":178,"column":5}},"73":{"start":{"line":177,"column":6},"end":{"line":177,"column":78}},"74":{"start":{"line":184,"column":2},"end":{"line":187,"column":2}},"75":{"start":{"line":187,"column":2},"end":{"line":193,"column":3}},"76":{"start":{"line":188,"column":2},"end":{"line":192,"column":3}},"77":{"start":{"line":189,"column":16},"end":{"line":189,"column":63}},"78":{"start":{"line":190,"column":4},"end":{"line":190,"column":26}},"79":{"start":{"line":191,"column":4},"end":{"line":191,"column":17}},"80":{"start":{"line":196,"column":0},"end":{"line":201,"column":3}},"81":{"start":{"line":197,"column":2},"end":{"line":200,"column":3}},"82":{"start":{"line":199,"column":4},"end":{"line":199,"column":25}},"83":{"start":{"line":222,"column":0},"end":{"line":226,"column":5}},"84":{"start":{"line":223,"column":2},"end":{"line":225,"column":3}},"85":{"start":{"line":224,"column":4},"end":{"line":224,"column":47}}},"fnMap":{"0":{"name":"_interopRequireDefault","decl":{"start":{"line":15,"column":102},"end":{"line":15,"column":124}},"loc":{"start":{"line":15,"column":130},"end":{"line":15,"column":186}},"line":15},"1":{"name":"getLocalState","decl":{"start":{"line":38,"column":9},"end":{"line":38,"column":22}},"loc":{"start":{"line":38,"column":25},"end":{"line":47,"column":1}},"line":38},"2":{"name":"saveLocalState","decl":{"start":{"line":49,"column":9},"end":{"line":49,"column":23}},"loc":{"start":{"line":49,"column":37},"end":{"line":52,"column":5}},"line":49},"3":{"name":"(anonymous_3)","decl":{"start":{"line":71,"column":19},"end":{"line":71,"column":20}},"loc":{"start":{"line":71,"column":35},"end":{"line":94,"column":1}},"line":71},"4":{"name":"(anonymous_4)","decl":{"start":{"line":74,"column":24},"end":{"line":74,"column":25}},"loc":{"start":{"line":74,"column":39},"end":{"line":77,"column":5}},"line":74},"5":{"name":"(anonymous_5)","decl":{"start":{"line":79,"column":24},"end":{"line":79,"column":25}},"loc":{"start":{"line":79,"column":36},"end":{"line":81,"column":3}},"line":79},"6":{"name":"(anonymous_6)","decl":{"start":{"line":107,"column":38},"end":{"line":107,"column":39}},"loc":{"start":{"line":107,"column":50},"end":{"line":109,"column":1}},"line":107},"7":{"name":"(anonymous_7)","decl":{"start":{"line":112,"column":42},"end":{"line":112,"column":43}},"loc":{"start":{"line":112,"column":59},"end":{"line":142,"column":1}},"line":112},"8":{"name":"(anonymous_8)","decl":{"start":{"line":146,"column":44},"end":{"line":146,"column":45}},"loc":{"start":{"line":146,"column":61},"end":{"line":151,"column":1}},"line":146},"9":{"name":"(anonymous_9)","decl":{"start":{"line":154,"column":35},"end":{"line":154,"column":36}},"loc":{"start":{"line":154,"column":52},"end":{"line":170,"column":1}},"line":154},"10":{"name":"(anonymous_10)","decl":{"start":{"line":172,"column":47},"end":{"line":172,"column":48}},"loc":{"start":{"line":172,"column":64},"end":{"line":180,"column":1}},"line":172},"11":{"name":"(anonymous_11)","decl":{"start":{"line":187,"column":35},"end":{"line":187,"column":36}},"loc":{"start":{"line":187,"column":48},"end":{"line":193,"column":1}},"line":187},"12":{"name":"(anonymous_12)","decl":{"start":{"line":196,"column":30},"end":{"line":196,"column":31}},"loc":{"start":{"line":196,"column":43},"end":{"line":201,"column":1}},"line":196},"13":{"name":"(anonymous_13)","decl":{"start":{"line":222,"column":1},"end":{"line":222,"column":2}},"loc":{"start":{"line":222,"column":13},"end":{"line":226,"column":1}},"line":222}},"branchMap":{"0":{"loc":{"start":{"line":15,"column":138},"end":{"line":15,"column":184}},"type":"cond-expr","locations":[{"start":{"line":15,"column":162},"end":{"line":15,"column":165}},{"start":{"line":15,"column":168},"end":{"line":15,"column":184}}],"line":15},"1":{"loc":{"start":{"line":15,"column":138},"end":{"line":15,"column":159}},"type":"binary-expr","locations":[{"start":{"line":15,"column":138},"end":{"line":15,"column":141}},{"start":{"line":15,"column":145},"end":{"line":15,"column":159}}],"line":15},"2":{"loc":{"start":{"line":41,"column":2},"end":{"line":45,"column":3}},"type":"if","locations":[{"start":{"line":41,"column":2},"end":{"line":45,"column":3}},{"start":{"line":41,"column":2},"end":{"line":45,"column":3}}],"line":41},"3":{"loc":{"start":{"line":73,"column":2},"end":{"line":78,"column":3}},"type":"if","locations":[{"start":{"line":73,"column":2},"end":{"line":78,"column":3}},{"start":{"line":73,"column":2},"end":{"line":78,"column":3}}],"line":73},"4":{"loc":{"start":{"line":87,"column":4},"end":{"line":89,"column":3}},"type":"if","locations":[{"start":{"line":87,"column":4},"end":{"line":89,"column":3}},{"start":{"line":87,"column":4},"end":{"line":89,"column":3}}],"line":87},"5":{"loc":{"start":{"line":91,"column":2},"end":{"line":93,"column":3}},"type":"if","locations":[{"start":{"line":91,"column":2},"end":{"line":93,"column":3}},{"start":{"line":91,"column":2},"end":{"line":93,"column":3}}],"line":91},"6":{"loc":{"start":{"line":118,"column":2},"end":{"line":126,"column":3}},"type":"if","locations":[{"start":{"line":118,"column":2},"end":{"line":126,"column":3}},{"start":{"line":118,"column":2},"end":{"line":126,"column":3}}],"line":118},"7":{"loc":{"start":{"line":138,"column":2},"end":{"line":141,"column":3}},"type":"if","locations":[{"start":{"line":138,"column":2},"end":{"line":141,"column":3}},{"start":{"line":138,"column":2},"end":{"line":141,"column":3}}],"line":138},"8":{"loc":{"start":{"line":147,"column":2},"end":{"line":150,"column":3}},"type":"if","locations":[{"start":{"line":147,"column":2},"end":{"line":150,"column":3}},{"start":{"line":147,"column":2},"end":{"line":150,"column":3}}],"line":147},"9":{"loc":{"start":{"line":147,"column":6},"end":{"line":147,"column":81}},"type":"binary-expr","locations":[{"start":{"line":147,"column":6},"end":{"line":147,"column":26}},{"start":{"line":147,"column":30},"end":{"line":147,"column":45}},{"start":{"line":147,"column":50},"end":{"line":147,"column":63}},{"start":{"line":147,"column":67},"end":{"line":147,"column":80}}],"line":147},"10":{"loc":{"start":{"line":155,"column":2},"end":{"line":169,"column":3}},"type":"if","locations":[{"start":{"line":155,"column":2},"end":{"line":169,"column":3}},{"start":{"line":155,"column":2},"end":{"line":169,"column":3}}],"line":155},"11":{"loc":{"start":{"line":174,"column":2},"end":{"line":179,"column":3}},"type":"if","locations":[{"start":{"line":174,"column":2},"end":{"line":179,"column":3}},{"start":{"line":174,"column":2},"end":{"line":179,"column":3}}],"line":174},"12":{"loc":{"start":{"line":176,"column":4},"end":{"line":178,"column":5}},"type":"if","locations":[{"start":{"line":176,"column":4},"end":{"line":178,"column":5}},{"start":{"line":176,"column":4},"end":{"line":178,"column":5}}],"line":176},"13":{"loc":{"start":{"line":188,"column":2},"end":{"line":192,"column":3}},"type":"if","locations":[{"start":{"line":188,"column":2},"end":{"line":192,"column":3}},{"start":{"line":188,"column":2},"end":{"line":192,"column":3}}],"line":188},"14":{"loc":{"start":{"line":197,"column":2},"end":{"line":200,"column":3}},"type":"if","locations":[{"start":{"line":197,"column":2},"end":{"line":200,"column":3}},{"start":{"line":197,"column":2},"end":{"line":200,"column":3}}],"line":197},"15":{"loc":{"start":{"line":223,"column":2},"end":{"line":225,"column":3}},"type":"if","locations":[{"start":{"line":223,"column":2},"end":{"line":225,"column":3}},{"start":{"line":223,"column":2},"end":{"line":225,"column":3}}],"line":223}},"s":{"0":0,"1":0,"2":0,"3":0,"4":0,"5":0,"6":0,"7":0,"8":0,"9":0,"10":0,"11":0,"12":0,"13":0,"14":0,"15":0,"16":0,"17":0,"18":0,"19":0,"20":0,"21":0,"22":0,"23":0,"24":0,"25":0,"26":0,"27":0,"28":0,"29":0,"30":0,"31":0,"32":0,"33":0,"34":0,"35":0,"36":0,"37":0,"38":0,"39":0,"40":0,"41":0,"42":0,"43":0,"44":0,"45":0,"46":0,"47":0,"48":0,"49":0,"50":0,"51":0,"52":0,"53":0,"54":0,"55":0,"56":0,"57":0,"58":0,"59":0,"60":0,"61":0,"62":0,"63":0,"64":0,"65":0,"66":0,"67":0,"68":0,"69":0,"70":0,"71":0,"72":0,"73":0,"74":0,"75":0,"76":0,"77":0,"78":0,"79":0,"80":0,"81":0,"82":0,"83":0,"84":0,"85":0},"f":{"0":0,"1":0,"2":0,"3":0,"4":0,"5":0,"6":0,"7":0,"8":0,"9":0,"10":0,"11":0,"12":0,"13":0},"b":{"0":[0,0],"1":[0,0],"2":[0,0],"3":[0,0],"4":[0,0],"5":[0,0],"6":[0,0],"7":[0,0],"8":[0,0],"9":[0,0,0,0],"10":[0,0],"11":[0,0],"12":[0,0],"13":[0,0],"14":[0,0],"15":[0,0]}}
,"/Users/jakob/pro/pjs-vdom/src/utils.js": {"path":"/Users/jakob/pro/pjs-vdom/src/utils.js","statementMap":{"0":{"start":{"line":7,"column":2},"end":{"line":11,"column":5}},"1":{"start":{"line":8,"column":4},"end":{"line":8,"column":35}},"2":{"start":{"line":9,"column":4},"end":{"line":9,"column":37}},"3":{"start":{"line":10,"column":4},"end":{"line":10,"column":15}},"4":{"start":{"line":19,"column":2},"end":{"line":34,"column":4}},"5":{"start":{"line":20,"column":20},"end":{"line":20,"column":24}},"6":{"start":{"line":21,"column":17},"end":{"line":21,"column":26}},"7":{"start":{"line":22,"column":18},"end":{"line":27,"column":5}},"8":{"start":{"line":23,"column":6},"end":{"line":23,"column":21}},"9":{"start":{"line":24,"column":6},"end":{"line":26,"column":7}},"10":{"start":{"line":25,"column":8},"end":{"line":25,"column":34}},"11":{"start":{"line":28,"column":20},"end":{"line":28,"column":41}},"12":{"start":{"line":29,"column":4},"end":{"line":29,"column":26}},"13":{"start":{"line":30,"column":4},"end":{"line":30,"column":38}},"14":{"start":{"line":31,"column":4},"end":{"line":33,"column":5}},"15":{"start":{"line":32,"column":6},"end":{"line":32,"column":32}},"16":{"start":{"line":37,"column":0},"end":{"line":40,"column":1}}},"fnMap":{"0":{"name":"dedentStringsInProblems","decl":{"start":{"line":6,"column":9},"end":{"line":6,"column":32}},"loc":{"start":{"line":6,"column":43},"end":{"line":12,"column":1}},"line":6},"1":{"name":"(anonymous_1)","decl":{"start":{"line":7,"column":22},"end":{"line":7,"column":23}},"loc":{"start":{"line":7,"column":30},"end":{"line":11,"column":3}},"line":7},"2":{"name":"debounce","decl":{"start":{"line":17,"column":9},"end":{"line":17,"column":17}},"loc":{"start":{"line":17,"column":41},"end":{"line":35,"column":1}},"line":17},"3":{"name":"(anonymous_3)","decl":{"start":{"line":19,"column":9},"end":{"line":19,"column":10}},"loc":{"start":{"line":19,"column":21},"end":{"line":34,"column":3}},"line":19},"4":{"name":"(anonymous_4)","decl":{"start":{"line":22,"column":18},"end":{"line":22,"column":19}},"loc":{"start":{"line":22,"column":30},"end":{"line":27,"column":5}},"line":22}},"branchMap":{"0":{"loc":{"start":{"line":24,"column":6},"end":{"line":26,"column":7}},"type":"if","locations":[{"start":{"line":24,"column":6},"end":{"line":26,"column":7}},{"start":{"line":24,"column":6},"end":{"line":26,"column":7}}],"line":24},"1":{"loc":{"start":{"line":28,"column":20},"end":{"line":28,"column":41}},"type":"binary-expr","locations":[{"start":{"line":28,"column":20},"end":{"line":28,"column":29}},{"start":{"line":28,"column":33},"end":{"line":28,"column":41}}],"line":28},"2":{"loc":{"start":{"line":31,"column":4},"end":{"line":33,"column":5}},"type":"if","locations":[{"start":{"line":31,"column":4},"end":{"line":33,"column":5}},{"start":{"line":31,"column":4},"end":{"line":33,"column":5}}],"line":31}},"s":{"0":1,"1":1,"2":1,"3":1,"4":0,"5":0,"6":0,"7":0,"8":0,"9":0,"10":0,"11":0,"12":0,"13":0,"14":0,"15":0,"16":1},"f":{"0":1,"1":1,"2":0,"3":0,"4":0},"b":{"0":[0,0],"1":[0,0],"2":[0,0]},"_coverageSchema":"332fd63041d2c1bcb487cc26dd0d5f7d97098a6c","hash":"cfc559723d722f150271f18802f941b97dd6ee4a"}
,"/Users/jakob/pro/pjs-vdom/src/worker.thread.js": {"path":"/Users/jakob/pro/pjs-vdom/src/worker.thread.js","statementMap":{"0":{"start":{"line":7,"column":12},"end":{"line":7,"column":39}},"1":{"start":{"line":7,"column":53},"end":{"line":7,"column":82}},"2":{"start":{"line":8,"column":17},"end":{"line":8,"column":59}},"3":{"start":{"line":8,"column":78},"end":{"line":8,"column":112}},"4":{"start":{"line":9,"column":16},"end":{"line":9,"column":48}},"5":{"start":{"line":9,"column":66},"end":{"line":9,"column":99}},"6":{"start":{"line":10,"column":11},"end":{"line":10,"column":33}},"7":{"start":{"line":10,"column":46},"end":{"line":10,"column":74}},"8":{"start":{"line":11,"column":12},"end":{"line":11,"column":27}},"9":{"start":{"line":11,"column":41},"end":{"line":11,"column":70}},"10":{"start":{"line":12,"column":13},"end":{"line":12,"column":31}},"11":{"start":{"line":12,"column":46},"end":{"line":12,"column":76}},"12":{"start":{"line":14,"column":19},"end":{"line":14,"column":42}},"13":{"start":{"line":14,"column":63},"end":{"line":14,"column":99}},"14":{"start":{"line":14,"column":138},"end":{"line":14,"column":192}},"15":{"start":{"line":14,"column":227},"end":{"line":14,"column":378}},"16":{"start":{"line":14,"column":252},"end":{"line":14,"column":334}},"17":{"start":{"line":14,"column":316},"end":{"line":14,"column":333}},"18":{"start":{"line":14,"column":334},"end":{"line":14,"column":346}},"19":{"start":{"line":14,"column":354},"end":{"line":14,"column":377}},"20":{"start":{"line":17,"column":18},"end":{"line":17,"column":24}},"21":{"start":{"line":17,"column":43},"end":{"line":17,"column":44}},"22":{"start":{"line":20,"column":15},"end":{"line":24,"column":2}},"23":{"start":{"line":21,"column":21},"end":{"line":21,"column":36}},"24":{"start":{"line":23,"column":2},"end":{"line":23,"column":27}},"25":{"start":{"line":27,"column":0},"end":{"line":27,"column":61}},"26":{"start":{"line":35,"column":12},"end":{"line":51,"column":1}},"27":{"start":{"line":53,"column":17},"end":{"line":53,"column":23}},"28":{"start":{"line":55,"column":2},"end":{"line":65,"column":3}},"29":{"start":{"line":56,"column":4},"end":{"line":56,"column":50}},"30":{"start":{"line":59,"column":4},"end":{"line":64,"column":5}},"31":{"start":{"line":60,"column":6},"end":{"line":60,"column":19}},"32":{"start":{"line":63,"column":6},"end":{"line":63,"column":47}},"33":{"start":{"line":66,"column":2},"end":{"line":66,"column":18}},"34":{"start":{"line":71,"column":2},"end":{"line":73,"column":4}},"35":{"start":{"line":73,"column":4},"end":{"line":73,"column":44}},"36":{"start":{"line":79,"column":33},"end":{"line":79,"column":110}},"37":{"start":{"line":80,"column":15},"end":{"line":80,"column":21}},"38":{"start":{"line":81,"column":2},"end":{"line":85,"column":3}},"39":{"start":{"line":82,"column":4},"end":{"line":82,"column":51}},"40":{"start":{"line":84,"column":4},"end":{"line":84,"column":17}},"41":{"start":{"line":86,"column":2},"end":{"line":86,"column":16}},"42":{"start":{"line":89,"column":34},"end":{"line":89,"column":113}},"43":{"start":{"line":89,"column":128},"end":{"line":89,"column":140}},"44":{"start":{"line":90,"column":15},"end":{"line":90,"column":36}},"45":{"start":{"line":91,"column":15},"end":{"line":91,"column":30}},"46":{"start":{"line":92,"column":27},"end":{"line":92,"column":29}},"47":{"start":{"line":94,"column":2},"end":{"line":94,"column":45}},"48":{"start":{"line":96,"column":32},"end":{"line":111,"column":3}},"49":{"start":{"line":97,"column":4},"end":{"line":106,"column":5}},"50":{"start":{"line":98,"column":21},"end":{"line":98,"column":36}},"51":{"start":{"line":99,"column":6},"end":{"line":101,"column":7}},"52":{"start":{"line":100,"column":8},"end":{"line":100,"column":38}},"53":{"start":{"line":102,"column":6},"end":{"line":102,"column":35}},"54":{"start":{"line":104,"column":6},"end":{"line":104,"column":37}},"55":{"start":{"line":105,"column":6},"end":{"line":105,"column":30}},"56":{"start":{"line":107,"column":4},"end":{"line":107,"column":16}},"57":{"start":{"line":111,"column":4},"end":{"line":113,"column":4}},"58":{"start":{"line":111,"column":66},"end":{"line":111,"column":89}},"59":{"start":{"line":113,"column":4},"end":{"line":139,"column":3}},"60":{"start":{"line":114,"column":19},"end":{"line":116,"column":22}},"61":{"start":{"line":119,"column":4},"end":{"line":119,"column":32}},"62":{"start":{"line":120,"column":23},"end":{"line":126,"column":33}},"63":{"start":{"line":129,"column":4},"end":{"line":129,"column":36}},"64":{"start":{"line":132,"column":4},"end":{"line":136,"column":6}},"65":{"start":{"line":133,"column":6},"end":{"line":133,"column":65}},"66":{"start":{"line":136,"column":6},"end":{"line":138,"column":7}},"67":{"start":{"line":137,"column":6},"end":{"line":137,"column":73}},"68":{"start":{"line":140,"column":2},"end":{"line":140,"column":33}},"69":{"start":{"line":149,"column":0},"end":{"line":255,"column":2}},"70":{"start":{"line":149,"column":45},"end":{"line":149,"column":54}},"71":{"start":{"line":150,"column":9},"end":{"line":150,"column":18}},"72":{"start":{"line":150,"column":29},"end":{"line":150,"column":41}},"73":{"start":{"line":154,"column":2},"end":{"line":226,"column":8}},"74":{"start":{"line":156,"column":8},"end":{"line":156,"column":66}},"75":{"start":{"line":157,"column":8},"end":{"line":159,"column":9}},"76":{"start":{"line":158,"column":10},"end":{"line":158,"column":53}},"77":{"start":{"line":160,"column":8},"end":{"line":160,"column":45}},"78":{"start":{"line":162,"column":8},"end":{"line":164,"column":20}},"79":{"start":{"line":165,"column":8},"end":{"line":165,"column":76}},"80":{"start":{"line":166,"column":8},"end":{"line":166,"column":26}},"81":{"start":{"line":167,"column":32},"end":{"line":173,"column":41}},"82":{"start":{"line":176,"column":8},"end":{"line":176,"column":45}},"83":{"start":{"line":177,"column":8},"end":{"line":177,"column":14}},"84":{"start":{"line":180,"column":8},"end":{"line":180,"column":28}},"85":{"start":{"line":181,"column":8},"end":{"line":181,"column":26}},"86":{"start":{"line":182,"column":8},"end":{"line":182,"column":14}},"87":{"start":{"line":185,"column":8},"end":{"line":185,"column":49}},"88":{"start":{"line":186,"column":8},"end":{"line":186,"column":32}},"89":{"start":{"line":187,"column":8},"end":{"line":187,"column":26}},"90":{"start":{"line":188,"column":30},"end":{"line":194,"column":43}},"91":{"start":{"line":197,"column":8},"end":{"line":197,"column":43}},"92":{"start":{"line":198,"column":8},"end":{"line":198,"column":76}},"93":{"start":{"line":199,"column":8},"end":{"line":199,"column":14}},"94":{"start":{"line":202,"column":8},"end":{"line":202,"column":39}},"95":{"start":{"line":203,"column":8},"end":{"line":203,"column":26}},"96":{"start":{"line":204,"column":34},"end":{"line":210,"column":46}},"97":{"start":{"line":213,"column":8},"end":{"line":213,"column":47}},"98":{"start":{"line":214,"column":8},"end":{"line":214,"column":14}},"99":{"start":{"line":217,"column":8},"end":{"line":217,"column":26}},"100":{"start":{"line":218,"column":8},"end":{"line":218,"column":64}},"101":{"start":{"line":219,"column":8},"end":{"line":219,"column":14}},"102":{"start":{"line":222,"column":8},"end":{"line":222,"column":26}},"103":{"start":{"line":223,"column":8},"end":{"line":223,"column":123}},"104":{"start":{"line":225,"column":8},"end":{"line":225,"column":14}},"105":{"start":{"line":235,"column":18},"end":{"line":236,"column":28}},"106":{"start":{"line":238,"column":24},"end":{"line":241,"column":3}},"107":{"start":{"line":241,"column":22},"end":{"line":241,"column":42}},"108":{"start":{"line":244,"column":16},"end":{"line":247,"column":3}},"109":{"start":{"line":247,"column":18},"end":{"line":251,"column":3}},"110":{"start":{"line":251,"column":4},"end":{"line":251,"column":26}},"111":{"start":{"line":254,"column":2},"end":{"line":254,"column":143}},"112":{"start":{"line":257,"column":0},"end":{"line":261,"column":25}}},"fnMap":{"0":{"name":"_interopRequireDefault","decl":{"start":{"line":14,"column":109},"end":{"line":14,"column":131}},"loc":{"start":{"line":14,"column":137},"end":{"line":14,"column":193}},"line":14},"1":{"name":"_toConsumableArray","decl":{"start":{"line":14,"column":202},"end":{"line":14,"column":220}},"loc":{"start":{"line":14,"column":226},"end":{"line":14,"column":379}},"line":14},"2":{"name":"(anonymous_2)","decl":{"start":{"line":21,"column":4},"end":{"line":21,"column":5}},"loc":{"start":{"line":21,"column":20},"end":{"line":21,"column":37}},"line":21},"3":{"name":"(anonymous_3)","decl":{"start":{"line":22,"column":7},"end":{"line":22,"column":8}},"loc":{"start":{"line":22,"column":29},"end":{"line":24,"column":1}},"line":22},"4":{"name":"getNextProblemIndex","decl":{"start":{"line":52,"column":9},"end":{"line":52,"column":28}},"loc":{"start":{"line":52,"column":48},"end":{"line":67,"column":1}},"line":52},"5":{"name":"getNextProblem","decl":{"start":{"line":69,"column":9},"end":{"line":69,"column":23}},"loc":{"start":{"line":69,"column":31},"end":{"line":74,"column":1}},"line":69},"6":{"name":"evaluate","decl":{"start":{"line":79,"column":9},"end":{"line":79,"column":17}},"loc":{"start":{"line":79,"column":20},"end":{"line":87,"column":1}},"line":79},"7":{"name":"testSuite","decl":{"start":{"line":89,"column":9},"end":{"line":89,"column":18}},"loc":{"start":{"line":89,"column":21},"end":{"line":141,"column":1}},"line":89},"8":{"name":"(anonymous_8)","decl":{"start":{"line":96,"column":50},"end":{"line":96,"column":51}},"loc":{"start":{"line":96,"column":66},"end":{"line":108,"column":3}},"line":96},"9":{"name":"(anonymous_9)","decl":{"start":{"line":111,"column":47},"end":{"line":111,"column":48}},"loc":{"start":{"line":111,"column":65},"end":{"line":111,"column":90}},"line":111},"10":{"name":"(anonymous_10)","decl":{"start":{"line":132,"column":39},"end":{"line":132,"column":40}},"loc":{"start":{"line":132,"column":55},"end":{"line":134,"column":5}},"line":132},"11":{"name":"(anonymous_11)","decl":{"start":{"line":136,"column":41},"end":{"line":136,"column":42}},"loc":{"start":{"line":136,"column":57},"end":{"line":138,"column":5}},"line":136},"12":{"name":"(anonymous_12)","decl":{"start":{"line":149,"column":17},"end":{"line":149,"column":18}},"loc":{"start":{"line":149,"column":33},"end":{"line":255,"column":1}},"line":149}},"branchMap":{"0":{"loc":{"start":{"line":14,"column":145},"end":{"line":14,"column":191}},"type":"cond-expr","locations":[{"start":{"line":14,"column":169},"end":{"line":14,"column":172}},{"start":{"line":14,"column":175},"end":{"line":14,"column":191}}],"line":14},"1":{"loc":{"start":{"line":14,"column":145},"end":{"line":14,"column":166}},"type":"binary-expr","locations":[{"start":{"line":14,"column":145},"end":{"line":14,"column":148}},{"start":{"line":14,"column":152},"end":{"line":14,"column":166}}],"line":14},"2":{"loc":{"start":{"line":14,"column":227},"end":{"line":14,"column":378}},"type":"if","locations":[{"start":{"line":14,"column":227},"end":{"line":14,"column":378}},{"start":{"line":14,"column":227},"end":{"line":14,"column":378}}],"line":14},"3":{"loc":{"start":{"line":55,"column":2},"end":{"line":65,"column":3}},"type":"if","locations":[{"start":{"line":55,"column":2},"end":{"line":65,"column":3}},{"start":{"line":55,"column":2},"end":{"line":65,"column":3}}],"line":55},"4":{"loc":{"start":{"line":59,"column":4},"end":{"line":64,"column":5}},"type":"if","locations":[{"start":{"line":59,"column":4},"end":{"line":64,"column":5}},{"start":{"line":59,"column":4},"end":{"line":64,"column":5}}],"line":59},"5":{"loc":{"start":{"line":79,"column":33},"end":{"line":79,"column":110}},"type":"cond-expr","locations":[{"start":{"line":79,"column":86},"end":{"line":79,"column":98}},{"start":{"line":79,"column":101},"end":{"line":79,"column":110}}],"line":79},"6":{"loc":{"start":{"line":79,"column":33},"end":{"line":79,"column":83}},"type":"binary-expr","locations":[{"start":{"line":79,"column":33},"end":{"line":79,"column":53}},{"start":{"line":79,"column":57},"end":{"line":79,"column":83}}],"line":79},"7":{"loc":{"start":{"line":89,"column":34},"end":{"line":89,"column":113}},"type":"cond-expr","locations":[{"start":{"line":89,"column":87},"end":{"line":89,"column":99}},{"start":{"line":89,"column":102},"end":{"line":89,"column":113}}],"line":89},"8":{"loc":{"start":{"line":89,"column":34},"end":{"line":89,"column":84}},"type":"binary-expr","locations":[{"start":{"line":89,"column":34},"end":{"line":89,"column":54}},{"start":{"line":89,"column":58},"end":{"line":89,"column":84}}],"line":89},"9":{"loc":{"start":{"line":99,"column":6},"end":{"line":101,"column":7}},"type":"if","locations":[{"start":{"line":99,"column":6},"end":{"line":101,"column":7}},{"start":{"line":99,"column":6},"end":{"line":101,"column":7}}],"line":99},"10":{"loc":{"start":{"line":113,"column":4},"end":{"line":139,"column":3}},"type":"if","locations":[{"start":{"line":113,"column":4},"end":{"line":139,"column":3}},{"start":{"line":113,"column":4},"end":{"line":139,"column":3}}],"line":113},"11":{"loc":{"start":{"line":133,"column":15},"end":{"line":133,"column":63}},"type":"binary-expr","locations":[{"start":{"line":133,"column":15},"end":{"line":133,"column":36}},{"start":{"line":133,"column":40},"end":{"line":133,"column":63}}],"line":133},"12":{"loc":{"start":{"line":137,"column":15},"end":{"line":137,"column":71}},"type":"binary-expr","locations":[{"start":{"line":137,"column":15},"end":{"line":137,"column":33}},{"start":{"line":137,"column":37},"end":{"line":137,"column":71}}],"line":137},"13":{"loc":{"start":{"line":154,"column":2},"end":{"line":226,"column":8}},"type":"switch","locations":[{"start":{"line":155,"column":4},"end":{"line":178,"column":7}},{"start":{"line":179,"column":4},"end":{"line":183,"column":7}},{"start":{"line":184,"column":4},"end":{"line":200,"column":7}},{"start":{"line":201,"column":4},"end":{"line":215,"column":7}},{"start":{"line":216,"column":4},"end":{"line":220,"column":7}},{"start":{"line":221,"column":4},"end":{"line":226,"column":7}}],"line":154},"14":{"loc":{"start":{"line":157,"column":8},"end":{"line":159,"column":9}},"type":"if","locations":[{"start":{"line":157,"column":8},"end":{"line":159,"column":9}},{"start":{"line":157,"column":8},"end":{"line":159,"column":9}}],"line":157},"15":{"loc":{"start":{"line":160,"column":20},"end":{"line":160,"column":44}},"type":"binary-expr","locations":[{"start":{"line":160,"column":20},"end":{"line":160,"column":29}},{"start":{"line":160,"column":33},"end":{"line":160,"column":44}}],"line":160},"16":{"loc":{"start":{"line":162,"column":24},"end":{"line":164,"column":19}},"type":"cond-expr","locations":[{"start":{"line":163,"column":8},"end":{"line":163,"column":81}},{"start":{"line":164,"column":8},"end":{"line":164,"column":19}}],"line":162},"17":{"loc":{"start":{"line":172,"column":27},"end":{"line":172,"column":62}},"type":"binary-expr","locations":[{"start":{"line":172,"column":27},"end":{"line":172,"column":40}},{"start":{"line":172,"column":44},"end":{"line":172,"column":62}}],"line":172},"18":{"loc":{"start":{"line":193,"column":27},"end":{"line":193,"column":62}},"type":"binary-expr","locations":[{"start":{"line":193,"column":27},"end":{"line":193,"column":40}},{"start":{"line":193,"column":44},"end":{"line":193,"column":62}}],"line":193},"19":{"loc":{"start":{"line":241,"column":22},"end":{"line":241,"column":42}},"type":"binary-expr","locations":[{"start":{"line":241,"column":22},"end":{"line":241,"column":34}},{"start":{"line":241,"column":38},"end":{"line":241,"column":42}}],"line":241}},"s":{"0":0,"1":0,"2":0,"3":0,"4":0,"5":0,"6":0,"7":0,"8":0,"9":0,"10":0,"11":0,"12":0,"13":0,"14":0,"15":0,"16":0,"17":0,"18":0,"19":0,"20":0,"21":0,"22":0,"23":0,"24":0,"25":0,"26":0,"27":0,"28":0,"29":0,"30":0,"31":0,"32":0,"33":0,"34":0,"35":0,"36":0,"37":0,"38":0,"39":0,"40":0,"41":0,"42":0,"43":0,"44":0,"45":0,"46":0,"47":0,"48":0,"49":0,"50":0,"51":0,"52":0,"53":0,"54":0,"55":0,"56":0,"57":0,"58":0,"59":0,"60":0,"61":0,"62":0,"63":0,"64":0,"65":0,"66":0,"67":0,"68":0,"69":0,"70":0,"71":0,"72":0,"73":0,"74":0,"75":0,"76":0,"77":0,"78":0,"79":0,"80":0,"81":0,"82":0,"83":0,"84":0,"85":0,"86":0,"87":0,"88":0,"89":0,"90":0,"91":0,"92":0,"93":0,"94":0,"95":0,"96":0,"97":0,"98":0,"99":0,"100":0,"101":0,"102":0,"103":0,"104":0,"105":0,"106":0,"107":0,"108":0,"109":0,"110":0,"111":0,"112":0},"f":{"0":0,"1":0,"2":0,"3":0,"4":0,"5":0,"6":0,"7":0,"8":0,"9":0,"10":0,"11":0,"12":0},"b":{"0":[0,0],"1":[0,0],"2":[0,0],"3":[0,0],"4":[0,0],"5":[0,0],"6":[0,0],"7":[0,0],"8":[0,0],"9":[0,0],"10":[0,0],"11":[0,0],"12":[0,0],"13":[0,0,0,0,0,0],"14":[0,0],"15":[0,0],"16":[0,0],"17":[0,0],"18":[0,0],"19":[0,0]}}
}
