{"total": {"lines":{"total":187,"covered":5,"skipped":0,"pct":2.67},"statements":{"total":216,"covered":5,"skipped":0,"pct":2.31},"functions":{"total":32,"covered":2,"skipped":0,"pct":6.25},"branches":{"total":84,"covered":0,"skipped":0,"pct":0}}
,"/Users/jakob/pro/pjs-vdom/src/main.js": {"lines":{"total":75,"covered":0,"skipped":0,"pct":0},"functions":{"total":14,"covered":0,"skipped":0,"pct":0},"statements":{"total":86,"covered":0,"skipped":0,"pct":0},"branches":{"total":34,"covered":0,"skipped":0,"pct":0}}
,"/Users/jakob/pro/pjs-vdom/src/utils.js": {"lines":{"total":17,"covered":5,"skipped":0,"pct":29.41},"functions":{"total":5,"covered":2,"skipped":0,"pct":40},"statements":{"total":17,"covered":5,"skipped":0,"pct":29.41},"branches":{"total":6,"covered":0,"skipped":0,"pct":0}}
,"/Users/jakob/pro/pjs-vdom/src/worker.thread.js": {"lines":{"total":95,"covered":0,"skipped":0,"pct":0},"functions":{"total":13,"covered":0,"skipped":0,"pct":0},"statements":{"total":113,"covered":0,"skipped":0,"pct":0},"branches":{"total":44,"covered":0,"skipped":0,"pct":0}}
}
