TN:
SF:/Users/jakob/pro/pjs-vdom/src/main.js
FN:15,_interopRequireDefault
FN:38,getLocalState
FN:49,saveLocalState
FN:71,(anonymous_3)
FN:74,(anonymous_4)
FN:79,(anonymous_5)
FN:107,(anonymous_6)
FN:112,(anonymous_7)
FN:146,(anonymous_8)
FN:154,(anonymous_9)
FN:172,(anonymous_10)
FN:187,(anonymous_11)
FN:196,(anonymous_12)
FN:222,(anonymous_13)
FNF:14
FNH:0
FNDA:0,_interopRequireDefault
FNDA:0,getLocalState
FNDA:0,saveLocalState
FNDA:0,(anonymous_3)
FNDA:0,(anonymous_4)
FNDA:0,(anonymous_5)
FNDA:0,(anonymous_6)
FNDA:0,(anonymous_7)
FNDA:0,(anonymous_8)
FNDA:0,(anonymous_9)
FNDA:0,(anonymous_10)
FNDA:0,(anonymous_11)
FNDA:0,(anonymous_12)
FNDA:0,(anonymous_13)
DA:6,0
DA:7,0
DA:8,0
DA:9,0
DA:10,0
DA:11,0
DA:12,0
DA:13,0
DA:14,0
DA:15,0
DA:24,0
DA:39,0
DA:40,0
DA:41,0
DA:42,0
DA:44,0
DA:46,0
DA:50,0
DA:62,0
DA:65,0
DA:71,0
DA:72,0
DA:73,0
DA:74,0
DA:75,0
DA:76,0
DA:79,0
DA:80,0
DA:87,0
DA:88,0
DA:91,0
DA:92,0
DA:99,0
DA:107,0
DA:108,0
DA:112,0
DA:117,0
DA:118,0
DA:120,0
DA:124,0
DA:125,0
DA:137,0
DA:138,0
DA:139,0
DA:140,0
DA:146,0
DA:147,0
DA:148,0
DA:149,0
DA:154,0
DA:155,0
DA:157,0
DA:158,0
DA:159,0
DA:160,0
DA:162,0
DA:166,0
DA:168,0
DA:172,0
DA:174,0
DA:175,0
DA:176,0
DA:177,0
DA:184,0
DA:187,0
DA:188,0
DA:189,0
DA:190,0
DA:191,0
DA:196,0
DA:197,0
DA:199,0
DA:222,0
DA:223,0
DA:224,0
LF:75
LH:0
BRDA:15,0,0,0
BRDA:15,0,1,0
BRDA:15,1,0,0
BRDA:15,1,1,0
BRDA:41,2,0,0
BRDA:41,2,1,0
BRDA:73,3,0,0
BRDA:73,3,1,0
BRDA:87,4,0,0
BRDA:87,4,1,0
BRDA:91,5,0,0
BRDA:91,5,1,0
BRDA:118,6,0,0
BRDA:118,6,1,0
BRDA:138,7,0,0
BRDA:138,7,1,0
BRDA:147,8,0,0
BRDA:147,8,1,0
BRDA:147,9,0,0
BRDA:147,9,1,0
BRDA:147,9,2,0
BRDA:147,9,3,0
BRDA:155,10,0,0
BRDA:155,10,1,0
BRDA:174,11,0,0
BRDA:174,11,1,0
BRDA:176,12,0,0
BRDA:176,12,1,0
BRDA:188,13,0,0
BRDA:188,13,1,0
BRDA:197,14,0,0
BRDA:197,14,1,0
BRDA:223,15,0,0
BRDA:223,15,1,0
BRF:34
BRH:0
end_of_record
TN:
SF:/Users/jakob/pro/pjs-vdom/src/utils.js
FN:6,dedentStringsInProblems
FN:7,(anonymous_1)
FN:17,debounce
FN:19,(anonymous_3)
FN:22,(anonymous_4)
FNF:5
FNH:2
FNDA:1,dedentStringsInProblems
FNDA:1,(anonymous_1)
FNDA:0,debounce
FNDA:0,(anonymous_3)
FNDA:0,(anonymous_4)
DA:7,1
DA:8,1
DA:9,1
DA:10,1
DA:19,0
DA:20,0
DA:21,0
DA:22,0
DA:23,0
DA:24,0
DA:25,0
DA:28,0
DA:29,0
DA:30,0
DA:31,0
DA:32,0
DA:37,1
LF:17
LH:5
BRDA:24,0,0,0
BRDA:24,0,1,0
BRDA:28,1,0,0
BRDA:28,1,1,0
BRDA:31,2,0,0
BRDA:31,2,1,0
BRF:6
BRH:0
end_of_record
TN:
SF:/Users/jakob/pro/pjs-vdom/src/worker.thread.js
FN:14,_interopRequireDefault
FN:14,_toConsumableArray
FN:21,(anonymous_2)
FN:22,(anonymous_3)
FN:52,getNextProblemIndex
FN:69,getNextProblem
FN:79,evaluate
FN:89,testSuite
FN:96,(anonymous_8)
FN:111,(anonymous_9)
FN:132,(anonymous_10)
FN:136,(anonymous_11)
FN:149,(anonymous_12)
FNF:13
FNH:0
FNDA:0,_interopRequireDefault
FNDA:0,_toConsumableArray
FNDA:0,(anonymous_2)
FNDA:0,(anonymous_3)
FNDA:0,getNextProblemIndex
FNDA:0,getNextProblem
FNDA:0,evaluate
FNDA:0,testSuite
FNDA:0,(anonymous_8)
FNDA:0,(anonymous_9)
FNDA:0,(anonymous_10)
FNDA:0,(anonymous_11)
FNDA:0,(anonymous_12)
DA:7,0
DA:8,0
DA:9,0
DA:10,0
DA:11,0
DA:12,0
DA:14,0
DA:17,0
DA:20,0
DA:21,0
DA:23,0
DA:27,0
DA:35,0
DA:53,0
DA:55,0
DA:56,0
DA:59,0
DA:60,0
DA:63,0
DA:66,0
DA:71,0
DA:73,0
DA:79,0
DA:80,0
DA:81,0
DA:82,0
DA:84,0
DA:86,0
DA:89,0
DA:90,0
DA:91,0
DA:92,0
DA:94,0
DA:96,0
DA:97,0
DA:98,0
DA:99,0
DA:100,0
DA:102,0
DA:104,0
DA:105,0
DA:107,0
DA:111,0
DA:113,0
DA:114,0
DA:119,0
DA:120,0
DA:129,0
DA:132,0
DA:133,0
DA:136,0
DA:137,0
DA:140,0
DA:149,0
DA:150,0
DA:154,0
DA:156,0
DA:157,0
DA:158,0
DA:160,0
DA:162,0
DA:165,0
DA:166,0
DA:167,0
DA:176,0
DA:177,0
DA:180,0
DA:181,0
DA:182,0
DA:185,0
DA:186,0
DA:187,0
DA:188,0
DA:197,0
DA:198,0
DA:199,0
DA:202,0
DA:203,0
DA:204,0
DA:213,0
DA:214,0
DA:217,0
DA:218,0
DA:219,0
DA:222,0
DA:223,0
DA:225,0
DA:235,0
DA:238,0
DA:241,0
DA:244,0
DA:247,0
DA:251,0
DA:254,0
DA:257,0
LF:95
LH:0
BRDA:14,0,0,0
BRDA:14,0,1,0
BRDA:14,1,0,0
BRDA:14,1,1,0
BRDA:14,2,0,0
BRDA:14,2,1,0
BRDA:55,3,0,0
BRDA:55,3,1,0
BRDA:59,4,0,0
BRDA:59,4,1,0
BRDA:79,5,0,0
BRDA:79,5,1,0
BRDA:79,6,0,0
BRDA:79,6,1,0
BRDA:89,7,0,0
BRDA:89,7,1,0
BRDA:89,8,0,0
BRDA:89,8,1,0
BRDA:99,9,0,0
BRDA:99,9,1,0
BRDA:113,10,0,0
BRDA:113,10,1,0
BRDA:133,11,0,0
BRDA:133,11,1,0
BRDA:137,12,0,0
BRDA:137,12,1,0
BRDA:154,13,0,0
BRDA:154,13,1,0
BRDA:154,13,2,0
BRDA:154,13,3,0
BRDA:154,13,4,0
BRDA:154,13,5,0
BRDA:157,14,0,0
BRDA:157,14,1,0
BRDA:160,15,0,0
BRDA:160,15,1,0
BRDA:162,16,0,0
BRDA:162,16,1,0
BRDA:172,17,0,0
BRDA:172,17,1,0
BRDA:193,18,0,0
BRDA:193,18,1,0
BRDA:241,19,0,0
BRDA:241,19,1,0
BRF:44
BRH:0
end_of_record
